#
# A fatal error has been detected by the Java Runtime Environment:
#
#  Internal Error (javaClasses.cpp:129), pid=6092, tid=5748
#  fatal error: Invalid layout of preloaded class
#
# JRE version: 7.0_17-b02
# Java VM: Java HotSpot(TM) Client VM (23.7-b01 mixed mode windows-x86 )
# Failed to write core dump. Minidumps are not enabled by default on client versions of Windows
#
# If you would like to submit a bug report, please visit:
#   http://bugreport.sun.com/bugreport/crash.jsp
#

---------------  T H R E A D  ---------------

Current thread (0x0265bc00):  JavaThread "Unknown thread" [_thread_in_vm, id=5748, stack(0x007b0000,0x00800000)]

Stack: [0x007b0000,0x00800000],  sp=0x007ff8f8,  free space=318k
Native frames: (J=compiled Java code, j=interpreted, Vv=VM code, C=native code)
V  [jvm.dll+0x16f261]
V  [jvm.dll+0x1693d6]
V  [jvm.dll+0x2079f]
V  [jvm.dll+0x20826]
V  [jvm.dll+0x2e5bd]
V  [jvm.dll+0x2e869]
V  [jvm.dll+0x77ba1]
V  [jvm.dll+0x77f5b]
V  [jvm.dll+0x1290e1]
V  [jvm.dll+0x149b3a]
V  [jvm.dll+0xa98df]
C  [javaw.exe+0x13ca]
C  [javaw.exe+0x1e3c]
C  [javaw.exe+0xa5a1]
C  [javaw.exe+0xa62b]
C  [kernel32.dll+0x1338a]  BaseThreadInitThunk+0x12
C  [ntdll.dll+0x39f72]  RtlInitializeExceptionChain+0x63
C  [ntdll.dll+0x39f45]  RtlInitializeExceptionChain+0x36


---------------  P R O C E S S  ---------------

Java Threads: ( => current thread )

Other Threads:

=>0x0265bc00 (exited) JavaThread "Unknown thread" [_thread_in_vm, id=5748, stack(0x007b0000,0x00800000)]

VM state:not at safepoint (not fully initialized)

VM Mutex/Monitor currently owned by a thread: None

GC Heap History (0 events):
No events

Deoptimization events (0 events):
No events

Internal exceptions (0 events):
No events

Events (10 events):
Event: 0.008 loading class 0x00824be8 done
Event: 0.008 loading class 0x00824040 done
Event: 0.008 loading class 0x00824018
Event: 0.008 loading class 0x0089ee90
Event: 0.008 loading class 0x0089ee90 done
Event: 0.008 loading class 0x0089eec8
Event: 0.008 loading class 0x0089eec8 done
Event: 0.008 loading class 0x008a0ec8
Event: 0.008 loading class 0x008a0ec8 done
Event: 0.009 loading class 0x00824018 done


Dynamic libraries:
0x00d90000 - 0x00dbf000 	D:\DevelopmentOfSoftware\android\eclipse\jre\bin\javaw.exe
0x776c0000 - 0x77840000 	C:\Windows\SysWOW64\ntdll.dll
0x77040000 - 0x77150000 	C:\Windows\syswow64\kernel32.dll
0x75140000 - 0x75187000 	C:\Windows\syswow64\KERNELBASE.dll
0x75820000 - 0x758c0000 	C:\Windows\syswow64\ADVAPI32.dll
0x751e0000 - 0x7528c000 	C:\Windows\syswow64\msvcrt.dll
0x75040000 - 0x75059000 	C:\Windows\SysWOW64\sechost.dll
0x76da0000 - 0x76e90000 	C:\Windows\syswow64\RPCRT4.dll
0x74bd0000 - 0x74c30000 	C:\Windows\syswow64\SspiCli.dll
0x74bc0000 - 0x74bcc000 	C:\Windows\syswow64\CRYPTBASE.dll
0x74d70000 - 0x74e70000 	C:\Windows\syswow64\USER32.dll
0x752a0000 - 0x75330000 	C:\Windows\syswow64\GDI32.dll
0x76860000 - 0x7686a000 	C:\Windows\syswow64\LPK.dll
0x75330000 - 0x753cd000 	C:\Windows\syswow64\USP10.dll
0x71700000 - 0x7189e000 	C:\Windows\WinSxS\x86_microsoft.windows.common-controls_6595b64144ccf1df_6.0.7601.17514_none_41e6975e2bd6f2b2\COMCTL32.dll
0x76ab0000 - 0x76b07000 	C:\Windows\syswow64\SHLWAPI.dll
0x75080000 - 0x750e0000 	C:\Windows\system32\IMM32.DLL
0x769e0000 - 0x76aac000 	C:\Windows\syswow64\MSCTF.dll
0x71ae0000 - 0x71b0a000 	C:\Windows\SysWOW64\nvinit.dll
0x0f000000 - 0x0f006000 	C:\Program Files (x86)\NVIDIA Corporation\CoProcManager\_etoured.dll
0x6f5b0000 - 0x6f603000 	C:\Program Files (x86)\NVIDIA Corporation\CoProcManager\nvd3d9wrap.dll
0x76e90000 - 0x7702d000 	C:\Windows\syswow64\SETUPAPI.dll
0x751a0000 - 0x751c7000 	C:\Windows\syswow64\CFGMGR32.dll
0x74c80000 - 0x74d0f000 	C:\Windows\syswow64\OLEAUT32.dll
0x76870000 - 0x769cc000 	C:\Windows\syswow64\ole32.dll
0x75060000 - 0x75072000 	C:\Windows\syswow64\DEVOBJ.dll
0x6f570000 - 0x6f5ab000 	C:\Program Files (x86)\NVIDIA Corporation\CoProcManager\nvdxgiwrap.dll
0x5c010000 - 0x5c0ce000 	D:\DevelopmentOfSoftware\android\eclipse\jre\bin\msvcr100.dll
0x63080000 - 0x633cc000 	D:\DevelopmentOfSoftware\android\eclipse\jre\bin\client\jvm.dll
0x71430000 - 0x71437000 	C:\Windows\system32\WSOCK32.dll
0x75640000 - 0x75675000 	C:\Windows\syswow64\WS2_32.dll
0x75810000 - 0x75816000 	C:\Windows\syswow64\NSI.dll
0x74c40000 - 0x74c72000 	C:\Windows\syswow64\WINMM.dll
0x74c30000 - 0x74c35000 	C:\Windows\syswow64\PSAPI.DLL
0x73100000 - 0x7310c000 	D:\DevelopmentOfSoftware\android\eclipse\jre\bin\verify.dll
0x6f2b0000 - 0x6f2d0000 	D:\DevelopmentOfSoftware\android\eclipse\jre\bin\java.dll
0x6d8a0000 - 0x6d8b3000 	D:\DevelopmentOfSoftware\android\eclipse\jre\bin\zip.dll
0x71340000 - 0x7142b000 	C:\Windows\system32\dbghelp.dll

VM Arguments:
jvm_args: -Dfile.encoding=UTF-8 -Xbootclasspath:D:\DevelopmentOfSoftware\android\sdk\sdk\platforms\android-19\android.jar 
java_command: mangues.web.socket.MaInetAddress
Launcher Type: SUN_STANDARD

Environment Variables:
JAVA_HOME=D:\自装软件\自装软件\Java SE
CLASSPATH=D:\apache-tomcat-7.0.40\bin;D:\自装软件\自装软件\Java SE\lib\dt.jar;D:\自装软件\自装软件\Java SE\lib\tools.jar
USERNAME=xutao
OS=Windows_NT
PROCESSOR_IDENTIFIER=Intel64 Family 6 Model 58 Stepping 9, GenuineIntel



---------------  S Y S T E M  ---------------

OS: Windows 7 , 64 bit Build 7601 Service Pack 1

CPU:total 4 (2 cores per cpu, 2 threads per core) family 6 model 58 stepping 9, cmov, cx8, fxsr, mmx, sse, sse2, sse3, ssse3, sse4.1, sse4.2, popcnt, avx, ht, tsc, tscinvbit, tscinv

Memory: 4k page, physical 4054408k(1305968k free), swap 8106960k(4245136k free)

vm_info: Java HotSpot(TM) Client VM (23.7-b01) for windows-x86 JRE (1.7.0_17-b02), built on Mar  1 2013 05:04:36 by "java_re" with unknown MS VC++:1600

time: Sun Mar 29 21:25:42 2015
elapsed time: 0 seconds

